Inactive Keff:
Cycle       Keff
    1        0.667
    2     0.881559
    3      1.08929
    4     0.942233
    5     0.984258
    6     0.999158
    7     0.988206
    8       1.0162
    9      1.01091
   10     0.945228
   11       1.0676
   12      1.03125
   13     0.976874
   14      1.01714
   15      1.00803
   16     0.964968
   17     0.981848
   18     0.984034
   19      1.07173
   20     0.917131
Active cycle Keff:
Cycle       Keff         Average           St.d
   21      1.06429     0.91713147            0
   22      1.00245     0.9907117     0.42170371
   23      1.00407     0.99462412     0.081735906
   24     0.992701     0.99698601     0.050965402
   25      1.01716     0.99612895     0.023242511
   26     0.909237     0.9996336     0.038517616
   27      1.08922     0.9867198     0.045747034
   28      1.02271     0.99953265     0.061666162
   29     0.962728     1.0021078     0.019509968
   30     0.974465     0.9981698     0.025873148
   31      1.06171     0.99601478     0.005739136
   32      1.00955     1.0014892     0.029417765
   33     0.932965     1.0021096     0.0085069813
   34      1.03043     0.99717068     0.023243232
   35      1.01313     0.99938804     0.019024996
   36      1.00729     1.0002466     0.0099061371
   37     0.941318     1.0006608     0.0032344372
   38      1.05636     0.997364     0.015248562
   39     0.998383     1.0004692     0.017895634
   40      1.00972     1.0003649     0.0054922979
   41     0.969527     1.0008102     0.0020033404
   42       1.0306     0.99938821     0.010303015
   43      1.04334     1.0007454     0.0094653022
   44     0.943077     1.0025201     0.0066829402
   45     0.960033     1.0001424     0.014258896
   46      1.05607     0.99859972     0.0082088454
   47       1.0177     1.0007284     0.011663425
   48     0.959684     1.0013345     0.0021316118
   49     0.970346     0.99989829     0.0099375725
   50      1.06621     0.99891321     0.0055197378
   51     0.968949     1.0010842     0.010430224
   52     0.958915      1.00008     0.0082012559
   53      1.06855     0.99883257     0.0064400748
   54            1     1.0008831     0.0098844241
   55      1.03047     1.0008579     0.0051664712
   56     0.891829     1.0016805     0.0010132033
   57      1.10297     0.99871158     0.011348935
   58     0.973892     1.0014551     0.0104503
   59     0.991064     1.0007484     0.0075353729
   60      1.03197     1.0005063     0.0050372643
   61     0.989674     1.0012736     0.0025520663
   62     0.946228     1.0009975     0.0061435834
   63      1.08227     0.99972375     0.0073478897
   64     0.927116     1.0015999     0.0070767913
   65      1.05579     0.99994468     0.0085907369
   66     0.936749     1.0011587     0.0053114061
   67      1.04701     0.9997883     0.0074082999
   68     0.980408     1.0007721     0.0050443002
   69      1.04163     1.0003565     0.0049716098
   70     0.976019     1.001182     0.003092388
   71     0.949222     1.0006886     0.0057841285
   72      1.03279     0.99969885     0.0057334556
   73      1.02423     1.0003232     0.0042197385
   74     0.967374     1.0007658     0.0015005446
   75      1.02277     1.0001587     0.0050395384
   76     0.973619     1.0005624     0.0021101718
   77     0.988146     1.0000897     0.0042974718
   78      1.04199     0.99988376     0.0022771932
   79     0.984375     1.0005974     0.0037830154
   80      1.03425     1.000327     0.0038335844
   81     0.978998     1.0008832     0.0019531028
   82     0.983498     1.0005302     0.004499088
   83     0.994128     1.0002598     0.0035920382
   84      1.05992     1.000164     0.0023756174
   85      0.98328     1.0010833     0.0034345541
   86     0.964372     1.0008135     0.0045594677
   87      0.97817     1.0002696     0.0045325254
   88     0.993133     0.99994464     0.0029785167
   89      1.06655     0.99984592     0.00079860237
   90     0.979741     1.0007989     0.004006029
   91     0.970223     1.0005023     0.0039539158
   92      1.02131     1.0000817     0.0036038535
   93     0.988314     1.0003726     0.0017040525
   94      1.04054     1.0002096     0.0027078187
   95     0.976461     1.0007474     0.0021052014
   96     0.985037     1.0004278     0.003769833
   97      1.03122     1.0002279     0.0028730054
   98      1.02128     1.0006253     0.0014829424
   99     0.983974     1.0008867     0.0021597352
  100     0.946254     1.0006753     0.003726324
Flux:
Group 1:
Cell   1:        0       -nan(ind)
Cell   2:        0       -nan(ind)
Cell   3: 0.0496725              1
Cell   4: 0.0496725              1
Cell   5:  0.13257       0.724896
Cell   6:  0.13257       0.724896
Cell   7:  0.13257       0.724896
Cell   8: 0.270766       0.456752
Cell   9: 0.270766       0.456752
Cell  10: 0.270766       0.456752
Cell  11: 0.508124       0.317868
Cell  12: 0.604886       0.310285
Cell  13: 0.794758       0.278379
Cell  14:  1.02005       0.263656
Cell  15:  1.38561       0.203201
Cell  16:  1.72396       0.192342
Cell  17:  2.25264       0.160601
Cell  18:   2.9805       0.132324
Cell  19:   3.9289       0.114345
Cell  20:  4.95387        0.10699
Cell  21:  6.20289       0.103538
Cell  22:  7.11685       0.100034
Cell  23:  9.35355       0.0831903
Cell  24:   11.863       0.0695554
Cell  25:  15.1293       0.061937
Cell  26:  19.0938       0.0553727
Cell  27:  23.8209       0.049891
Cell  28:  28.9001       0.0473092
Cell  29:  36.5768       0.041075
Cell  30:  47.0995       0.0391032
Cell  31:  60.2847       0.0398253
Cell  32:  70.3385       0.0362002
Cell  33:  82.9203       0.0399464
Cell  34:  88.5235       0.0310839
Cell  35:  99.4987       0.0317937
Cell  36:  115.827       0.0284071
Cell  37:  134.426       0.0278264
Cell  38:   151.67       0.027884
Cell  39:  168.348       0.0261744
Cell  40:  186.655       0.026013
Cell  41:  204.412       0.026975
Cell  42:   219.58       0.024159
Cell  43:  240.235       0.0260869
Cell  44:  252.502       0.0230836
Cell  45:  274.854       0.020844
Cell  46:  295.626       0.0210607
Cell  47:  312.375       0.0156414
Cell  48:  332.316       0.0185481
Cell  49:  350.436       0.0156965
Cell  50:  363.161       0.0161646
Cell  51:    383.6       0.0143343
Cell  52:  397.324       0.0143246
Cell  53:   428.69       0.0155379
Cell  54:  459.424       0.0159982
Cell  55:  477.569       0.0161002
Cell  56:  499.613       0.0162497
Cell  57:   518.31       0.0181949
Cell  58:  537.725       0.0161658
Cell  59:  548.201       0.0134557
Cell  60:  569.855       0.0140396
Cell  61:  589.937       0.0127052
Cell  62:   609.74       0.0141568
Cell  63:  639.218       0.0160776
Cell  64:  657.064       0.0152459
Cell  65:  668.291       0.0148353
Cell  66:  674.426       0.0131646
Cell  67:  688.621       0.012792
Cell  68:  706.777       0.0123663
Cell  69:  723.443       0.0134596
Cell  70:  736.758       0.0130262
Cell  71:  765.736       0.0133395
Cell  72:  773.092       0.0130785
Cell  73:  779.073       0.0124396
Cell  74:  787.745       0.0114397
Cell  75:  809.134       0.0119943
Cell  76:  810.009       0.0126663
Cell  77:   798.69       0.0114706
Cell  78:  805.078       0.0108945
Cell  79:  809.642       0.0107468
Cell  80:  824.844       0.0126102
Cell  81:  820.658       0.0110598
Cell  82:   817.32       0.0104996
Cell  83:   800.24       0.0107799
Cell  84:  799.255       0.0104957
Cell  85:  807.316       0.0116211
Cell  86:  810.557       0.0115818
Cell  87:   804.16       0.0114593
Cell  88:  789.853       0.0114142
Cell  89:  790.212       0.012158
Cell  90:  773.452       0.0114849
Cell  91:  749.626       0.0122522
Cell  92:  738.875       0.0120965
Cell  93:  738.158       0.0119552
Cell  94:  718.246       0.0118635
Cell  95:  703.427       0.0126357
Cell  96:  685.897       0.0130387
Cell  97:  666.574       0.0105354
Cell  98:  650.484       0.0111184
Cell  99:  631.821       0.0125239
Cell 100:  609.516       0.0153403
Cell 101:  583.159       0.0152369
Cell 102:  570.625       0.0162356
Cell 103:  534.181       0.0130583
Cell 104:  511.946       0.0136627
Cell 105:  498.239       0.0130761
Cell 106:   472.52       0.0123551
Cell 107:  453.596       0.0147594
Cell 108:  435.857       0.0149982
Cell 109:  414.536       0.0146536
Cell 110:   391.18       0.0160471
Cell 111:  374.338         0.0186
Cell 112:  350.437       0.0178849
Cell 113:  322.087       0.0190062
Cell 114:  301.986       0.019697
Cell 115:  281.972       0.0207472
Cell 116:  262.586       0.0214131
Cell 117:  242.802       0.0198157
Cell 118:  226.256       0.0200056
Cell 119:  220.246       0.0231659
Cell 120:  203.181       0.0321487
Cell 121:  184.147       0.0263184
Cell 122:  168.549       0.0340052
Cell 123:  157.693       0.0323575
Cell 124:  137.547       0.0307007
Cell 125:  117.715       0.0295879
Cell 126:   108.73       0.0316643
Cell 127:  95.9304       0.035125
Cell 128:  83.8412       0.0433695
Cell 129:  72.9124       0.0469609
Cell 130:  53.2703       0.0445656
Cell 131:  42.5337       0.0423594
Cell 132:  33.6857       0.0454275
Cell 133:  27.9793       0.0483695
Cell 134:  22.9574       0.0528891
Cell 135:  18.7559       0.0547182
Cell 136:  14.7798       0.0615651
Cell 137:  11.8613       0.0673833
Cell 138:  9.34084       0.0684727
Cell 139:  7.25137       0.0732251
Cell 140:  5.30392       0.0852045
Cell 141:  4.51264       0.0920109
Cell 142:  3.54135        0.10919
Cell 143:  2.71882       0.133713
Cell 144:  2.01535       0.169729
Cell 145:  1.35604       0.206841
Cell 146: 0.878298       0.268208
Cell 147: 0.550694       0.310191
Cell 148: 0.477359       0.333222
Cell 149: 0.390856       0.379001
Cell 150: 0.256272       0.428995
Cell 151: 0.146642        0.57464
Cell 152: 0.0639981              1
Cell 153: 0.0639981              1
Cell 154: 0.0639981              1
Cell 155:        0       -nan(ind)
Cell 156:        0       -nan(ind)
Cell 157:        0       -nan(ind)
Cell 158:        0       -nan(ind)
Cell 159:        0       -nan(ind)
Cell 160:        0       -nan(ind)
Group 2:
Cell   1:        0       -nan(ind)
Cell   2:        0       -nan(ind)
Cell   3:        0       -nan(ind)
Cell   4:        0       -nan(ind)
Cell   5:        0       -nan(ind)
Cell   6:        0       -nan(ind)
Cell   7: 0.0735281              1
Cell   8: 0.0735281              1
Cell   9: 0.0735281              1
Cell  10: 0.0735281              1
Cell  11: 0.0837887       0.884508
Cell  12: 0.191774       0.532762
Cell  13: 0.229168       0.441721
Cell  14: 0.344455       0.416253
Cell  15: 0.579809       0.288113
Cell  16: 0.886641       0.223442
Cell  17:   1.2753       0.193125
Cell  18:  1.88784       0.223109
Cell  19:  2.07796        0.15842
Cell  20:  2.99355       0.157596
Cell  21:  5.79798       0.230466
Cell  22:  6.19448       0.141232
Cell  23:  5.88699       0.122098
Cell  24:  6.85764       0.105117
Cell  25:  8.08971       0.108885
Cell  26:  8.79534       0.0982604
Cell  27:  10.9561       0.129652
Cell  28:  11.6137       0.0649037
Cell  29:  14.5828       0.0626239
Cell  30:  14.6209       0.0462628
Cell  31:  15.3827       0.0398524
Cell  32:  17.3604       0.0335702
Cell  33:  19.3643       0.0321908
Cell  34:   20.922       0.0379441
Cell  35:  23.5896       0.0368735
Cell  36:  25.6231       0.0324336
Cell  37:  28.3877       0.0360913
Cell  38:  30.6204       0.0311952
Cell  39:  34.0777       0.0285126
Cell  40:  37.0834       0.0287532
Cell  41:  40.0334       0.0289089
Cell  42:  43.8886       0.0258166
Cell  43:  47.9326       0.0287142
Cell  44:   50.591       0.0236469
Cell  45:  53.6255       0.0205714
Cell  46:  57.7674       0.0233314
Cell  47:  61.3276       0.0226286
Cell  48:  65.5133       0.0207782
Cell  49:  69.9256       0.0211009
Cell  50:  73.1511       0.0179949
Cell  51:  76.1504       0.0158585
Cell  52:  79.3962       0.0160203
Cell  53:  84.0492       0.0174651
Cell  54:  88.7105       0.0173592
Cell  55:  93.8837       0.0186969
Cell  56:  94.7371       0.0175664
Cell  57:  97.4966       0.0164062
Cell  58:  102.637       0.0153306
Cell  59:  104.723       0.0161469
Cell  60:  108.605       0.0178529
Cell  61:  110.405       0.0176488
Cell  62:  112.045       0.0166178
Cell  63:  114.668       0.0150622
Cell  64:  120.014       0.015741
Cell  65:  121.669       0.0154575
Cell  66:  123.304       0.0132437
Cell  67:  128.042       0.0151029
Cell  68:   131.88        0.01413
Cell  69:   134.49       0.0149917
Cell  70:  139.027       0.0161608
Cell  71:  142.312       0.0154327
Cell  72:  142.285       0.0137409
Cell  73:    142.7       0.0130604
Cell  74:  145.004       0.0159056
Cell  75:  147.645       0.0137478
Cell  76:  148.323       0.0141189
Cell  77:  147.094       0.0128025
Cell  78:  150.184       0.0117826
Cell  79:  151.001       0.0121922
Cell  80:  151.699       0.0135064
Cell  81:  149.117       0.0141904
Cell  82:  147.735       0.013352
Cell  83:  150.034       0.0134637
Cell  84:  148.952       0.0123636
Cell  85:  148.193       0.0124066
Cell  86:   146.82       0.0112472
Cell  87:  146.427       0.0127639
Cell  88:  145.778       0.0148097
Cell  89:   147.41       0.0167234
Cell  90:  142.781       0.0161003
Cell  91:  142.895       0.015137
Cell  92:  138.213       0.0129066
Cell  93:  134.886       0.015043
Cell  94:  132.975       0.0127436
Cell  95:  130.814       0.016315
Cell  96:  129.153       0.0162552
Cell  97:  123.255       0.0160225
Cell  98:   118.74       0.0147744
Cell  99:  118.329       0.0149088
Cell 100:  113.093        0.01816
Cell 101:  108.697       0.0162389
Cell 102:  106.728       0.0150477
Cell 103:  101.941       0.0154243
Cell 104:  99.3466       0.0157631
Cell 105:  95.5997       0.0158951
Cell 106:  94.6968       0.0187101
Cell 107:   89.841       0.016722
Cell 108:   85.184       0.0163872
Cell 109:  80.2324       0.0162403
Cell 110:  75.9793       0.0187343
Cell 111:  74.0039       0.0205514
Cell 112:  68.5134       0.0205655
Cell 113:  67.0731       0.0223153
Cell 114:  61.9935       0.0211233
Cell 115:  57.9299       0.0237805
Cell 116:  54.8049       0.0213903
Cell 117:  52.0993       0.0250302
Cell 118:  48.7139       0.0233849
Cell 119:  44.4713       0.0218586
Cell 120:   40.969       0.026582
Cell 121:  37.4188       0.0267707
Cell 122:  35.9069       0.0295812
Cell 123:  32.1629       0.0275782
Cell 124:  29.3459       0.0293219
Cell 125:  27.5049       0.0307589
Cell 126:   25.497       0.0359321
Cell 127:  24.1514       0.0345985
Cell 128:  21.8478       0.0353434
Cell 129:   19.584       0.0367665
Cell 130:  18.9893       0.0369784
Cell 131:  16.6622       0.0514041
Cell 132:  14.4643       0.0865403
Cell 133:  14.0871       0.128028
Cell 134:  10.3176       0.112674
Cell 135:  8.99973        0.11224
Cell 136:  6.89281       0.097971
Cell 137:  6.21079       0.134338
Cell 138:  5.32852        0.16367
Cell 139:  3.65749       0.118237
Cell 140:  2.63903       0.115119
Cell 141:   2.2341       0.127321
Cell 142:  1.85977       0.144539
Cell 143:  1.34436       0.180556
Cell 144:  1.44625        0.23159
Cell 145:  1.06965       0.225082
Cell 146: 0.743007       0.278089
Cell 147: 0.588615       0.313653
Cell 148: 0.558111       0.318724
Cell 149: 0.406282       0.360956
Cell 150: 0.305053       0.440398
Cell 151: 0.228899       0.525281
Cell 152: 0.175656       0.617963
Cell 153: 0.145627       0.706677
Cell 154:        0       -nan(ind)
Cell 155:        0       -nan(ind)
Cell 156:        0       -nan(ind)
Cell 157:        0       -nan(ind)
Cell 158:        0       -nan(ind)
Cell 159:        0       -nan(ind)
Cell 160:        0       -nan(ind)
