Inactive Keff:
Cycle       Keff
    1       0.6135
    2      1.02119
    3      1.07662
    4     0.994811
    5      1.01937
    6     0.986842
    7      1.01704
    8      0.96941
    9       1.0571
   10      1.04762
   11      0.88806
   12       1.0848
   13     0.980282
   14     0.967672
   15     0.985895
   16      1.04669
   17     0.964748
   18      1.09694
   19     0.956492
   20     0.970149
Active cycle Keff:
Cycle       Keff         Average           St.d
   21      1.00293     0.97014925            0
   22     0.982469     0.98653983     0.21950848
   23     0.963569     0.98518287     0.078261042
   24      1.04398     0.97977935     0.056192212
   25     0.994826     0.99261977     0.092214239
   26            1     0.99298753     0.039517957
   27      1.07058     0.99398931     0.036692353
   28      1.01457     1.0035631     0.047414501
   29      0.94528     1.0047864     0.01708712
   30     0.991317     0.99883583     0.034412001
   31      1.01971     0.9981523     0.0069310442
   32      1.03436     0.99994861     0.018226085
   33      1.00692     1.0025956     0.014996242
   34     0.919588     1.0029045     0.013247781
   35      1.05082     0.99735004     0.024521745
   36      1.00711     1.000692     0.020027954
   37      1.00353     1.0010697     0.0044330221
   38      1.00422     1.0012065     0.0074047789
   39      1.03504     1.0013652     0.0076254464
   40     0.902505     1.0030489     0.0040765733
   41      1.00225     0.99826106     0.019746301
   42      1.01422     0.9984424     0.0095716433
   43      1.00443     0.99912845     0.010109002
   44       1.0529     0.99934927     0.0068952145
   45     0.953943     1.0014914     0.010793648
   46     0.986832     0.99966259     0.011510893
   47      1.06004     0.99918741     0.0023037679
   48      0.93986     1.0013609     0.010523799
   49      1.02158     0.99924016     0.011138699
   50     0.991988     0.99998473     0.0072066243
   51     0.943465     0.99972678     0.0028442153
   52      1.04514     0.99796862     0.0069231617
   53       1.0134     0.99939794     0.010414326
   54      0.98604     0.99980985     0.0055454852
   55      1.04098     0.99941641     0.0024458476
   56     0.993558     1.0005711     0.0070506746
   57     0.979827     1.0003815     0.0045948877
   58     0.996324     0.9998406     0.0049914877
   59      1.02509     0.99975042     0.0013496164
   60       1.0036     1.000384     0.004759622
   61     0.944763     1.0004624     0.0027633503
   62      1.03721     0.99913623     0.0066021569
   63      1.01611     1.0000216     0.0064575334
   64     0.992795     1.0003871     0.0028282673
   65     0.986212     1.0002184     0.0035532708
   66     0.976453     0.99991391     0.0034081973
   67      1.04145     0.99941475     0.0029969361
   68     0.998553     1.0002904     0.0055778563
   69      1.00217     1.000255     0.0026051898
   70      1.01374     1.0002933     0.0021021597
   71     0.996434     1.000557     0.00077176573
   72     0.985684     1.0004777     0.003530983
   73     0.992738     1.0001985     0.0038137114
   74            1     1.0000604     0.0025201206
   75      1.02707     1.0000593     0.0010669218
   76     0.957977     1.0005416     0.0027730577
   77      1.02974     0.99979481     0.0047943277
   78     0.986282     1.0003111     0.0035583821
   79     0.979502     1.0000733     0.0030756109
   80      1.04858     0.99973046     0.0026556892
   81     0.957947     1.0005313     0.004224642
   82      1.00372     0.99984443     0.0044668166
   83       1.0593     0.99990595     0.0018713942
   84     0.969209     1.000834     0.004028296
   85      0.94296     1.0003475     0.004539867
   86      1.06126     0.999478     0.0043257343
   87      1.01371     1.0004001     0.0046795738
   88     0.976512     1.0005958     0.0017463676
   89      1.01968     1.0002467     0.0037259595
   90      1.01215     1.0005243     0.00066811582
   91     0.974576     1.0006881     0.0022692778
   92      1.02101     1.0003254     0.0038452384
   93     0.982257     1.0006089     0.00076472429
   94     0.981936     1.0003609     0.003424684
   95     0.980132     1.0001152     0.0028621562
   96      1.06381     0.99985226     0.0022451414
   97     0.937191     1.0006829     0.0035884961
   98      1.05648     0.99986894     0.0044068282
   99     0.967926     1.0005855     0.0032968782
  100      1.01399     1.0001772     0.0035451947
Flux:
Group 1:
Cell   1:  5.97099       4.20227e-09
Cell   2:  30.7357       4.61809e-09
Cell   3:  31.4161       2.41501e-09
Cell   4:  109.007       5.56811e-09
Cell   5:   93.405       0.00321033
Cell   6:  86.1604       0.00348027
Cell   7:   112.46       0.00256813
Cell   8:  141.616       0.00237917
Cell   9:  177.693       0.00452886
Cell  10:  206.273       0.0083276
Cell  11:  229.537       0.00930889
Cell  12:  273.581       0.00939653
Cell  13:  222.279       0.0126798
Cell  14:  279.511       0.0185668
Cell  15:  306.597       0.0181346
Cell  16:  304.112       0.0160404
Cell  17:  337.091       0.0179685
Cell  18:  385.638       0.0189859
Cell  19:  440.168       0.020904
Cell  20:   504.62       0.0233497
Cell  21:  632.402       0.024354
Cell  22:  679.085       0.0266615
Cell  23:  782.205       0.0276132
Cell  24:  895.355       0.0286965
Cell  25:  1003.05       0.0289795
Cell  26:  1141.66       0.0295666
Cell  27:  1257.56       0.0306117
Cell  28:  1482.63       0.0303815
Cell  29:  1655.64       0.0321814
Cell  30:  1903.68       0.0328004
Cell  31:  2149.12       0.0333778
Cell  32:  2430.15       0.0325426
Cell  33:  2742.27       0.0331591
Cell  34:  3075.62       0.0341051
Cell  35:  3437.83       0.0352625
Cell  36:  3838.23       0.0341557
Cell  37:  4159.12       0.0350908
Cell  38:   4739.5       0.035303
Cell  39:  5282.02       0.0362628
Cell  40:     5795       0.0359104
Cell  41:  6190.46       0.0377461
Cell  42:  6854.27       0.0373045
Cell  43:  7408.92       0.038496
Cell  44:  8049.97       0.0388996
Cell  45:  8698.57       0.0387019
Cell  46:  9378.46       0.038941
Cell  47:  9849.87       0.040103
Cell  48:  10709.3       0.0405947
Cell  49:  11373.8       0.0407717
Cell  50:  11966.2       0.0406437
Cell  51:  13001.1       0.0409321
Cell  52:  13807.6       0.0417622
Cell  53:  14573.2       0.0411825
Cell  54:  15333.7       0.0411523
Cell  55:  16213.4       0.0413373
Cell  56:    17290       0.0414158
Cell  57:  18276.5       0.0412458
Cell  58:  19321.4       0.0414622
Cell  59:  20371.8       0.0419703
Cell  60:  20837.9       0.0421854
Cell  61:  21918.7       0.0426298
Cell  62:  23240.8       0.0425161
Cell  63:  24034.5       0.0426736
Cell  64:  25190.5       0.0425362
Cell  65:  26502.2       0.0426026
Cell  66:  27016.5       0.042695
Cell  67:  27846.2       0.0433479
Cell  68:  28714.8       0.0432767
Cell  69:    29737       0.0436639
Cell  70:  30797.3       0.0434031
Cell  71:  31949.1       0.0432499
Cell  72:  33011.6       0.0432997
Cell  73:  33971.7       0.043696
Cell  74:    35120       0.0437377
Cell  75:  36474.7       0.0433138
Cell  76:  37395.1       0.0438591
Cell  77:    38063       0.0441896
Cell  78:  38601.3       0.0443268
Cell  79:  39286.4       0.0438938
Cell  80:  40105.1       0.0440406
Cell  81:  40717.5       0.0437005
Cell  82:  42183.7       0.0433319
Cell  83:  42729.9       0.0438189
Cell  84:    43006       0.0439216
Cell  85:  43956.6       0.0435425
Cell  86:  44786.6       0.0436814
Cell  87:  45168.2       0.0434275
Cell  88:  45693.7       0.0437329
Cell  89:  45934.7       0.0440083
Cell  90:  46264.8       0.044073
Cell  91:  46498.6       0.0440947
Cell  92:  47297.2       0.0438707
Cell  93:  47763.1       0.0439471
Cell  94:  47965.7       0.0440898
Cell  95:  48252.3       0.0436164
Cell  96:  48968.7       0.0436568
Cell  97:  49124.8       0.0438754
Cell  98:  48509.6       0.0443862
Cell  99:  48180.2       0.0444185
Cell 100:  48537.9       0.0443641
Cell 101:  48573.6       0.0440896
Cell 102:  48327.3       0.0440308
Cell 103:  48457.3       0.0440356
Cell 104:  48193.3       0.0444006
Cell 105:    48132       0.0442533
Cell 106:  47877.9       0.0441438
Cell 107:  47705.7       0.0439706
Cell 108:  47341.8       0.0438225
Cell 109:  46773.4       0.0440414
Cell 110:  46653.1       0.0439674
Cell 111:  45776.1       0.0441469
Cell 112:  45261.6       0.0442298
Cell 113:  44561.2       0.0441618
Cell 114:  44056.7       0.0439731
Cell 115:  43331.6       0.0444157
Cell 116:    42669       0.0443145
Cell 117:  42183.3       0.0443107
Cell 118:  41801.7       0.0442309
Cell 119:  41444.3       0.0444999
Cell 120:  40265.2       0.044287
Cell 121:  39560.3       0.0441536
Cell 122:  38780.3       0.0442042
Cell 123:  37659.6       0.0443179
Cell 124:  37175.2       0.044211
Cell 125:    36328       0.0445402
Cell 126:  35471.9       0.0442442
Cell 127:  34648.3       0.0438395
Cell 128:  33197.5       0.0436392
Cell 129:  32373.7       0.0431521
Cell 130:  31416.2       0.042935
Cell 131:  30507.5       0.042916
Cell 132:  30157.7       0.0430157
Cell 133:  28970.9       0.0432175
Cell 134:  28267.6       0.0430545
Cell 135:  27383.5       0.0422778
Cell 136:    26022       0.0425148
Cell 137:  24779.3       0.0425315
Cell 138:  24015.3       0.0429937
Cell 139:  22792.5       0.0429621
Cell 140:  21784.1       0.0430053
Cell 141:  20789.4       0.0429684
Cell 142:  19703.5       0.0428863
Cell 143:  18903.7       0.0424792
Cell 144:  17721.6       0.0423899
Cell 145:  16644.3       0.0424127
Cell 146:    15813       0.0420255
Cell 147:  15046.8       0.0419827
Cell 148:  14563.4       0.0419276
Cell 149:  13797.9       0.0412176
Cell 150:  12649.5       0.0409274
Cell 151:  11845.3       0.0406802
Cell 152:  11176.6       0.040038
Cell 153:  10441.6       0.0392615
Cell 154:  9639.16       0.0383823
Cell 155:  9068.01       0.0380347
Cell 156:  8350.14       0.0377395
Cell 157:  7587.63       0.0376118
Cell 158:  7154.87       0.0374333
Cell 159:  6410.27       0.0374811
Cell 160:  5880.74       0.0373602
Cell 161:  5211.55       0.0376042
Cell 162:  4691.42       0.0376362
Cell 163:  4473.51       0.0381485
Cell 164:  3833.89       0.0392877
Cell 165:  3465.41       0.0376445
Cell 166:  3127.92       0.0359684
Cell 167:  3006.55         0.0349
Cell 168:  2691.15       0.0343622
Cell 169:  2450.64       0.034597
Cell 170:   2109.3       0.0343721
Cell 171:  1855.33       0.0339894
Cell 172:  1723.59       0.0330305
Cell 173:   1560.6       0.0330511
Cell 174:  1458.35       0.0311956
Cell 175:  1317.63       0.0295815
Cell 176:  1137.35       0.0283562
Cell 177:  1033.87       0.0262697
Cell 178:  915.685       0.0254701
Cell 179:  806.786       0.0265034
Cell 180:  646.684       0.0248258
Cell 181:  536.871       0.0212464
Cell 182:  476.399       0.0170714
Cell 183:  402.543       0.0160686
Cell 184:  302.714       0.0166835
Cell 185:  249.723       0.0166668
Cell 186:  226.297       0.0154663
Cell 187:  225.277       0.0148907
Cell 188:  194.735       0.00705196
Cell 189:  233.002       0.00663655
Cell 190:  284.439       0.00527626
Cell 191:  284.881       0.00244094
Cell 192:  162.521       0.00377061
Cell 193:  122.151       0.00485276
Cell 194:  75.0919       0.00661338
Cell 195:  52.9461       0.00153911
Cell 196:  52.5921       0.000708777
Cell 197:  54.6653       6.79932e-09
Cell 198:  57.5822       2.94624e-09
Cell 199:  42.0287       4.42182e-09
Cell 200:  30.6431       5.25225e-09
